#
# There is insufficient memory for the Java Runtime Environment to continue.
# Native memory allocation (mmap) failed to map 73400320 bytes for committing reserved memory.
# Possible reasons:
#   The system is out of physical RAM or swap space
#   In 32 bit mode, the process size limit was hit
# Possible solutions:
#   Reduce memory load on the system
#   Increase physical memory or swap space
#   Check if swap backing store is full
#   Use 64 bit Java on a 64 bit OS
#   Decrease Java heap size (-Xmx/-Xms)
#   Decrease number of Java threads
#   Decrease Java thread stack sizes (-Xss)
#   Set larger code cache with -XX:ReservedCodeCacheSize=
# This output file may be truncated or incomplete.
#
#  Out of Memory Error (os_linux.cpp:2673), pid=6119, tid=140533567575808
#
# JRE version: Java(TM) SE Runtime Environment (8.0_45-b14) (build 1.8.0_45-b14)
# Java VM: Java HotSpot(TM) 64-Bit Server VM (25.45-b02 mixed mode linux-amd64 compressed oops)
# Failed to write core dump. Core dumps have been disabled. To enable core dumping, try "ulimit -c unlimited" before starting Java again
#

---------------  T H R E A D  ---------------

Current thread (0x00007fd09c073800):  VMThread [stack: 0x00007fd0854fd000,0x00007fd0855fe000] [id=6127]

Stack: [0x00007fd0854fd000,0x00007fd0855fe000],  sp=0x00007fd0855fc060,  free space=1020k
Native frames: (J=compiled Java code, j=interpreted, Vv=VM code, C=native code)
V  [libjvm.so+0xaac99a]  VMError::report_and_die()+0x2ba
V  [libjvm.so+0x4f333b]  report_vm_out_of_memory(char const*, int, unsigned long, VMErrorType, char const*)+0x8b
V  [libjvm.so+0x90e7c3]  os::Linux::commit_memory_impl(char*, unsigned long, bool)+0x103
V  [libjvm.so+0x90ed19]  os::pd_commit_memory(char*, unsigned long, unsigned long, bool)+0x29
V  [libjvm.so+0x90867a]  os::commit_memory(char*, unsigned long, unsigned long, bool)+0x2a
V  [libjvm.so+0x97bac3]  PSVirtualSpace::expand_by(unsigned long)+0x53
V  [libjvm.so+0x97cec8]  PSYoungGen::resize_generation(unsigned long, unsigned long)+0xf8
V  [libjvm.so+0x97c022]  PSYoungGen::resize(unsigned long, unsigned long)+0x22
V  [libjvm.so+0x9792fb]  PSScavenge::invoke_no_policy()+0xf7b
V  [libjvm.so+0x979a81]  PSScavenge::invoke()+0x41
V  [libjvm.so+0x932050]  ParallelScavengeHeap::failed_mem_allocate(unsigned long)+0x70
V  [libjvm.so+0xaae1d7]  VM_ParallelGCFailedAllocation::doit()+0x97
V  [libjvm.so+0xab59c5]  VM_Operation::evaluate()+0x55
V  [libjvm.so+0xab3d9a]  VMThread::evaluate_operation(VM_Operation*)+0xba
V  [libjvm.so+0xab411e]  VMThread::loop()+0x1ce
V  [libjvm.so+0xab4590]  VMThread::run()+0x70
V  [libjvm.so+0x910de8]  java_start(Thread*)+0x108

VM_Operation (0x00007fd0a3457780): ParallelGCFailedAllocation, mode: safepoint, requested by thread 0x00007fd09c00a000


---------------  P R O C E S S  ---------------

Java Threads: ( => current thread )
  0x00007fd09c0ba000 JavaThread "Service Thread" daemon [_thread_blocked, id=6133, stack(0x00007fd084727000,0x00007fd084828000)]
  0x00007fd09c0b5800 JavaThread "C1 CompilerThread1" daemon [_thread_blocked, id=6132, stack(0x00007fd084828000,0x00007fd084929000)]
  0x00007fd09c0b2800 JavaThread "C2 CompilerThread0" daemon [_thread_blocked, id=6131, stack(0x00007fd084929000,0x00007fd084a2a000)]
  0x00007fd09c0b1000 JavaThread "Signal Dispatcher" daemon [_thread_blocked, id=6130, stack(0x00007fd084a2a000,0x00007fd084b2b000)]
  0x00007fd09c07a800 JavaThread "Finalizer" daemon [_thread_blocked, id=6129, stack(0x00007fd0852fb000,0x00007fd0853fc000)]
  0x00007fd09c078800 JavaThread "Reference Handler" daemon [_thread_blocked, id=6128, stack(0x00007fd0853fc000,0x00007fd0854fd000)]
  0x00007fd09c00a000 JavaThread "main" [_thread_blocked, id=6122, stack(0x00007fd0a3359000,0x00007fd0a345a000)]

Other Threads:
=>0x00007fd09c073800 VMThread [stack: 0x00007fd0854fd000,0x00007fd0855fe000] [id=6127]
  0x00007fd09c0bc800 WatcherThread [stack: 0x00007fd084626000,0x00007fd084727000] [id=6135]

VM state:at safepoint (normal execution)

VM Mutex/Monitor currently owned by a thread:  ([mutex/lock_event])
[0x00007fd09c006390] Threads_lock - owner thread: 0x00007fd09c073800
[0x00007fd09c006890] Heap_lock - owner thread: 0x00007fd09c00a000

Heap:
 PSYoungGen      total 70144K, used 7670K [0x00000000eab00000, 0x00000000ef800000, 0x0000000100000000)
  eden space 62464K, 0% used [0x00000000eab00000,0x00000000eab00000,0x00000000ee800000)
  from space 7680K, 99% used [0x00000000ee800000,0x00000000eef7db60,0x00000000eef80000)
  to   space 6656K, 0% used [0x00000000eef80000,0x00000000eef80000,0x00000000ef600000)
 ParOldGen       total 42496K, used 21643K [0x00000000c0000000, 0x00000000c2980000, 0x00000000eab00000)
  object space 42496K, 50% used [0x00000000c0000000,0x00000000c1522c68,0x00000000c2980000)
 Metaspace       used 5918K, capacity 7152K, committed 7296K, reserved 1056768K
  class space    used 552K, capacity 616K, committed 640K, reserved 1048576K

Card table byte_map: [0x00007fd08cdff000,0x00007fd08d000000] byte_map_base: 0x00007fd08c7ff000

Marking Bits: (ParMarkBitMap*) 0x00007fd0a2839760
 Begin Bits: [0x00007fd086000000, 0x00007fd087000000)
 End Bits:   [0x00007fd087000000, 0x00007fd088000000)

Polling page: 0x00007fd0a3480000

CodeCache: size=245760Kb used=7148Kb max_used=7155Kb free=238611Kb
 bounds [0x00007fd08d000000, 0x00007fd08d710000, 0x00007fd09c000000]
 total_blobs=2094 nmethods=1831 adapters=178
 compilation: enabled

Compilation events (10 events):
Event: 10.206 Thread 0x00007fd09c0b2800 nmethod 1241 0x00007fd08d6f8590 code [0x00007fd08d6f86e0, 0x00007fd08d6f8958]
Event: 10.206 Thread 0x00007fd09c0b2800 1858       4       com.android.dx.ssa.back.FirstFitLocalCombiningAllocator::getParameterIndexForReg (55 bytes)
Event: 10.209 Thread 0x00007fd09c0b5800 1859       2       java.util.HashMap::putVal (300 bytes)
Event: 10.210 Thread 0x00007fd09c0b5800 nmethod 1859 0x00007fd08d6fe9d0 code [0x00007fd08d6febe0, 0x00007fd08d6ff2d8]
Event: 10.270 Thread 0x00007fd09c0b2800 nmethod 1858 0x00007fd08d701dd0 code [0x00007fd08d702000, 0x00007fd08d702d98]
Event: 10.270 Thread 0x00007fd09c0b2800 1860       4       com.android.dx.cf.code.Ropper::getAvailableLabel (54 bytes)
Event: 10.284 Thread 0x00007fd09c0b5800 1864       2       com.android.dx.dex.code.RopTranslator$TranslationVisitor::visitThrowingInsn (118 bytes)
Event: 10.286 Thread 0x00007fd09c0b2800 nmethod 1860 0x00007fd08d6ff910 code [0x00007fd08d6ffaa0, 0x00007fd08d6ffed8]
Event: 10.286 Thread 0x00007fd09c0b2800 1862       4       com.android.dx.ssa.SsaMethod::getUseListCopy (56 bytes)
Event: 10.287 Thread 0x00007fd09c0b5800 nmethod 1864 0x00007fd08d6f91d0 code [0x00007fd08d6f9420, 0x00007fd08d6f9b88]

GC Heap History (10 events):
Event: 6.791 GC heap after
Heap after GC invocations=2 (full 0):
 PSYoungGen      total 18432K, used 2536K [0x00000000eab00000, 0x00000000ecf00000, 0x0000000100000000)
  eden space 15872K, 0% used [0x00000000eab00000,0x00000000eab00000,0x00000000eba80000)
  from space 2560K, 99% used [0x00000000ebd00000,0x00000000ebf7a060,0x00000000ebf80000)
  to   space 2560K, 0% used [0x00000000eba80000,0x00000000eba80000,0x00000000ebd00000)
 ParOldGen       total 42496K, used 3998K [0x00000000c0000000, 0x00000000c2980000, 0x00000000eab00000)
  object space 42496K, 9% used [0x00000000c0000000,0x00000000c03e7818,0x00000000c2980000)
 Metaspace       used 5690K, capacity 6960K, committed 7040K, reserved 1056768K
  class space    used 548K, capacity 616K, committed 640K, reserved 1048576K
}
Event: 7.189 GC heap before
{Heap before GC invocations=3 (full 0):
 PSYoungGen      total 18432K, used 18408K [0x00000000eab00000, 0x00000000ecf00000, 0x0000000100000000)
  eden space 15872K, 100% used [0x00000000eab00000,0x00000000eba80000,0x00000000eba80000)
  from space 2560K, 99% used [0x00000000ebd00000,0x00000000ebf7a060,0x00000000ebf80000)
  to   space 2560K, 0% used [0x00000000eba80000,0x00000000eba80000,0x00000000ebd00000)
 ParOldGen       total 42496K, used 3998K [0x00000000c0000000, 0x00000000c2980000, 0x00000000eab00000)
  object space 42496K, 9% used [0x00000000c0000000,0x00000000c03e7818,0x00000000c2980000)
 Metaspace       used 5744K, capacity 6960K, committed 7040K, reserved 1056768K
  class space    used 548K, capacity 616K, committed 640K, reserved 1048576K
Event: 7.211 GC heap after
Heap after GC invocations=3 (full 0):
 PSYoungGen      total 18432K, used 2560K [0x00000000eab00000, 0x00000000ecf00000, 0x0000000100000000)
  eden space 15872K, 0% used [0x00000000eab00000,0x00000000eab00000,0x00000000eba80000)
  from space 2560K, 100% used [0x00000000eba80000,0x00000000ebd00000,0x00000000ebd00000)
  to   space 2560K, 0% used [0x00000000ecc80000,0x00000000ecc80000,0x00000000ecf00000)
 ParOldGen       total 42496K, used 6258K [0x00000000c0000000, 0x00000000c2980000, 0x00000000eab00000)
  object space 42496K, 14% used [0x00000000c0000000,0x00000000c061c830,0x00000000c2980000)
 Metaspace       used 5744K, capacity 6960K, committed 7040K, reserved 1056768K
  class space    used 548K, capacity 616K, committed 640K, reserved 1048576K
}
Event: 7.621 GC heap before
{Heap before GC invocations=4 (full 0):
 PSYoungGen      total 18432K, used 18432K [0x00000000eab00000, 0x00000000ecf00000, 0x0000000100000000)
  eden space 15872K, 100% used [0x00000000eab00000,0x00000000eba80000,0x00000000eba80000)
  from space 2560K, 100% used [0x00000000eba80000,0x00000000ebd00000,0x00000000ebd00000)
  to   space 2560K, 0% used [0x00000000ecc80000,0x00000000ecc80000,0x00000000ecf00000)
 ParOldGen       total 42496K, used 6258K [0x00000000c0000000, 0x00000000c2980000, 0x00000000eab00000)
  object space 42496K, 14% used [0x00000000c0000000,0x00000000c061c830,0x00000000c2980000)
 Metaspace       used 5834K, capacity 7088K, committed 7296K, reserved 1056768K
  class space    used 551K, capacity 616K, committed 640K, reserved 1048576K
Event: 7.647 GC heap after
Heap after GC invocations=4 (full 0):
 PSYoungGen      total 34304K, used 2544K [0x00000000eab00000, 0x00000000ecf00000, 0x0000000100000000)
  eden space 31744K, 0% used [0x00000000eab00000,0x00000000eab00000,0x00000000eca00000)
  from space 2560K, 99% used [0x00000000ecc80000,0x00000000ecefc218,0x00000000ecf00000)
  to   space 2560K, 0% used [0x00000000eca00000,0x00000000eca00000,0x00000000ecc80000)
 ParOldGen       total 42496K, used 8856K [0x00000000c0000000, 0x00000000c2980000, 0x00000000eab00000)
  object space 42496K, 20% used [0x00000000c0000000,0x00000000c08a61b0,0x00000000c2980000)
 Metaspace       used 5834K, capacity 7088K, committed 7296K, reserved 1056768K
  class space    used 551K, capacity 616K, committed 640K, reserved 1048576K
}
Event: 8.319 GC heap before
{Heap before GC invocations=5 (full 0):
 PSYoungGen      total 34304K, used 34288K [0x00000000eab00000, 0x00000000ecf00000, 0x0000000100000000)
  eden space 31744K, 100% used [0x00000000eab00000,0x00000000eca00000,0x00000000eca00000)
  from space 2560K, 99% used [0x00000000ecc80000,0x00000000ecefc218,0x00000000ecf00000)
  to   space 2560K, 0% used [0x00000000eca00000,0x00000000eca00000,0x00000000ecc80000)
 ParOldGen       total 42496K, used 8856K [0x00000000c0000000, 0x00000000c2980000, 0x00000000eab00000)
  object space 42496K, 20% used [0x00000000c0000000,0x00000000c08a61b0,0x00000000c2980000)
 Metaspace       used 5850K, capacity 7088K, committed 7296K, reserved 1056768K
  class space    used 551K, capacity 616K, committed 640K, reserved 1048576K
Event: 8.371 GC heap after
Heap after GC invocations=5 (full 0):
 PSYoungGen      total 34304K, used 2560K [0x00000000eab00000, 0x00000000ef600000, 0x0000000100000000)
  eden space 31744K, 0% used [0x00000000eab00000,0x00000000eab00000,0x00000000eca00000)
  from space 2560K, 100% used [0x00000000eca00000,0x00000000ecc80000,0x00000000ecc80000)
  to   space 6656K, 0% used [0x00000000eef80000,0x00000000eef80000,0x00000000ef600000)
 ParOldGen       total 42496K, used 12442K [0x00000000c0000000, 0x00000000c2980000, 0x00000000eab00000)
  object space 42496K, 29% used [0x00000000c0000000,0x00000000c0c26bc8,0x00000000c2980000)
 Metaspace       used 5850K, capacity 7088K, committed 7296K, reserved 1056768K
  class space    used 551K, capacity 616K, committed 640K, reserved 1048576K
}
Event: 9.109 GC heap before
{Heap before GC invocations=6 (full 0):
 PSYoungGen      total 34304K, used 34304K [0x00000000eab00000, 0x00000000ef600000, 0x0000000100000000)
  eden space 31744K, 100% used [0x00000000eab00000,0x00000000eca00000,0x00000000eca00000)
  from space 2560K, 100% used [0x00000000eca00000,0x00000000ecc80000,0x00000000ecc80000)
  to   space 6656K, 0% used [0x00000000eef80000,0x00000000eef80000,0x00000000ef600000)
 ParOldGen       total 42496K, used 12442K [0x00000000c0000000, 0x00000000c2980000, 0x00000000eab00000)
  object space 42496K, 29% used [0x00000000c0000000,0x00000000c0c26bc8,0x00000000c2980000)
 Metaspace       used 5872K, capacity 7088K, committed 7296K, reserved 1056768K
  class space    used 551K, capacity 616K, committed 640K, reserved 1048576K
Event: 9.236 GC heap after
Heap after GC invocations=6 (full 0):
 PSYoungGen      total 69120K, used 6643K [0x00000000eab00000, 0x00000000ef800000, 0x0000000100000000)
  eden space 62464K, 0% used [0x00000000eab00000,0x00000000eab00000,0x00000000ee800000)
  from space 6656K, 99% used [0x00000000eef80000,0x00000000ef5fcc30,0x00000000ef600000)
  to   space 7680K, 0% used [0x00000000ee800000,0x00000000ee800000,0x00000000eef80000)
 ParOldGen       total 42496K, used 13388K [0x00000000c0000000, 0x00000000c2980000, 0x00000000eab00000)
  object space 42496K, 31% used [0x00000000c0000000,0x00000000c0d133a8,0x00000000c2980000)
 Metaspace       used 5872K, capacity 7088K, committed 7296K, reserved 1056768K
  class space    used 551K, capacity 616K, committed 640K, reserved 1048576K
}
Event: 10.333 GC heap before
{Heap before GC invocations=7 (full 0):
 PSYoungGen      total 69120K, used 69107K [0x00000000eab00000, 0x00000000ef800000, 0x0000000100000000)
  eden space 62464K, 100% used [0x00000000eab00000,0x00000000ee800000,0x00000000ee800000)
  from space 6656K, 99% used [0x00000000eef80000,0x00000000ef5fcc30,0x00000000ef600000)
  to   space 7680K, 0% used [0x00000000ee800000,0x00000000ee800000,0x00000000eef80000)
 ParOldGen       total 42496K, used 13388K [0x00000000c0000000, 0x00000000c2980000, 0x00000000eab00000)
  object space 42496K, 31% used [0x00000000c0000000,0x00000000c0d133a8,0x00000000c2980000)
 Metaspace       used 5918K, capacity 7152K, committed 7296K, reserved 1056768K
  class space    used 552K, capacity 616K, committed 640K, reserved 1048576K

Deoptimization events (10 events):
Event: 7.790 Thread 0x00007fd09c00a000 Uncommon trap: reason=null_check action=make_not_entrant pc=0x00007fd08d45bee0 method=com.android.dx.rop.type.Type.equals(Ljava/lang/Object;)Z @ 8
Event: 8.102 Thread 0x00007fd09c00a000 Uncommon trap: reason=unstable_if action=reinterpret pc=0x00007fd08d51b4a0 method=com.android.dx.rop.code.LocalItem.hashCode()I @ 25
Event: 8.102 Thread 0x00007fd09c00a000 Uncommon trap: reason=unstable_if action=reinterpret pc=0x00007fd08d515db8 method=com.android.dx.rop.code.LocalItem.hashCode()I @ 25
Event: 8.107 Thread 0x00007fd09c00a000 Uncommon trap: reason=unstable_if action=reinterpret pc=0x00007fd08d3a9434 method=com.android.dx.rop.code.LocalItem.hashCode()I @ 25
Event: 8.111 Thread 0x00007fd09c00a000 Uncommon trap: reason=unstable_if action=reinterpret pc=0x00007fd08d4c26f8 method=com.android.dx.rop.code.LocalItem.hashCode()I @ 25
Event: 9.262 Thread 0x00007fd09c00a000 Uncommon trap: reason=unstable_if action=reinterpret pc=0x00007fd08d568b3c method=com.android.dx.ssa.SsaMethod.updateOneDefinition(Lcom/android/dx/ssa/SsaInsn;Lcom/android/dx/rop/code/RegisterSpec;)V @ 4
Event: 9.666 Thread 0x00007fd09c00a000 Uncommon trap: reason=unstable_if action=reinterpret pc=0x00007fd08d688624 method=com.android.dx.ssa.SCCP.simulateBranch(Lcom/android/dx/ssa/SsaInsn;)V @ 64
Event: 10.057 Thread 0x00007fd09c00a000 Uncommon trap: reason=unstable_if action=reinterpret pc=0x00007fd08d6316a8 method=com.android.dx.ssa.SCCP.simulateStmt(Lcom/android/dx/ssa/SsaInsn;)V @ 59
Event: 10.074 Thread 0x00007fd09c00a000 Uncommon trap: reason=bimorphic action=maybe_recompile pc=0x00007fd08d6ede7c method=com.android.dx.ssa.LiteralOpUpgrader.tryReplacingWithConstant(Lcom/android/dx/ssa/NormalSsaInsn;)Z @ 62
Event: 10.205 Thread 0x00007fd09c00a000 Uncommon trap: reason=unstable_if action=reinterpret pc=0x00007fd08d5b83c4 method=java.util.HashMap.putVal(ILjava/lang/Object;Ljava/lang/Object;ZZ)Ljava/lang/Object; @ 94

Internal exceptions (3 events):
Event: 0.305 Thread 0x00007fd09c00a000 Exception <a 'java/lang/NoSuchMethodError': Method sun.misc.Unsafe.defineClass(Ljava/lang/String;[BII)Ljava/lang/Class; name or signature does not match> (0x00000000eab12a38) thrown at [/RE-WORK/workspace/8-2-build-linux-amd64/jdk8u45/3457/hotspot/src/sha
Event: 0.305 Thread 0x00007fd09c00a000 Exception <a 'java/lang/NoSuchMethodError': Method sun.misc.Unsafe.prefetchRead(Ljava/lang/Object;J)V name or signature does not match> (0x00000000eab12cc8) thrown at [/RE-WORK/workspace/8-2-build-linux-amd64/jdk8u45/3457/hotspot/src/share/vm/prims/jni.cp
Event: 7.790 Thread 0x00007fd09c00a000 Implicit null exception at 0x00007fd08d45bde2 to 0x00007fd08d45bed3

Events (10 events):
Event: 10.057 Thread 0x00007fd09c00a000 Uncommon trap: trap_request=0xffffff65 fr.pc=0x00007fd08d6316a8
Event: 10.057 Thread 0x00007fd09c00a000 DEOPT PACKING pc=0x00007fd08d6316a8 sp=0x00007fd0a3457a70
Event: 10.057 Thread 0x00007fd09c00a000 DEOPT UNPACKING pc=0x00007fd08d005229 sp=0x00007fd0a3457a68 mode 2
Event: 10.074 Thread 0x00007fd09c00a000 Uncommon trap: trap_request=0xffffffc6 fr.pc=0x00007fd08d6ede7c
Event: 10.074 Thread 0x00007fd09c00a000 DEOPT PACKING pc=0x00007fd08d6ede7c sp=0x00007fd0a3457a50
Event: 10.074 Thread 0x00007fd09c00a000 DEOPT UNPACKING pc=0x00007fd08d005229 sp=0x00007fd0a3457978 mode 2
Event: 10.205 Thread 0x00007fd09c00a000 Uncommon trap: trap_request=0xffffff65 fr.pc=0x00007fd08d5b83c4
Event: 10.205 Thread 0x00007fd09c00a000 DEOPT PACKING pc=0x00007fd08d5b83c4 sp=0x00007fd0a3457880
Event: 10.205 Thread 0x00007fd09c00a000 DEOPT UNPACKING pc=0x00007fd08d005229 sp=0x00007fd0a3457830 mode 2
Event: 10.333 Executing VM operation: ParallelGCFailedAllocation


Dynamic libraries:
00400000-00401000 r-xp 00000000 08:01 1061491                            /usr/lib/jvm/java-8-oracle/bin/java
00600000-00601000 rw-p 00000000 08:01 1061491                            /usr/lib/jvm/java-8-oracle/bin/java
00c3a000-00c5b000 rw-p 00000000 00:00 0                                  [heap]
c0000000-c2980000 rw-p 00000000 00:00 0 
c2980000-eab00000 ---p 00000000 00:00 0 
eab00000-ef800000 rw-p 00000000 00:00 0 
f3e00000-100000000 ---p 00000000 00:00 0 
100000000-1000a0000 rw-p 00000000 00:00 0 
1000a0000-140000000 ---p 00000000 00:00 0 
7fd060000000-7fd060021000 rw-p 00000000 00:00 0 
7fd060021000-7fd064000000 ---p 00000000 00:00 0 
7fd064000000-7fd064021000 rw-p 00000000 00:00 0 
7fd064021000-7fd068000000 ---p 00000000 00:00 0 
7fd068000000-7fd068870000 rw-p 00000000 00:00 0 
7fd068870000-7fd06c000000 ---p 00000000 00:00 0 
7fd06c000000-7fd06c773000 rw-p 00000000 00:00 0 
7fd06c773000-7fd070000000 ---p 00000000 00:00 0 
7fd070000000-7fd070021000 rw-p 00000000 00:00 0 
7fd070021000-7fd074000000 ---p 00000000 00:00 0 
7fd074000000-7fd074021000 rw-p 00000000 00:00 0 
7fd074021000-7fd078000000 ---p 00000000 00:00 0 
7fd078000000-7fd07828a000 rw-p 00000000 00:00 0 
7fd07828a000-7fd07c000000 ---p 00000000 00:00 0 
7fd07c000000-7fd07c021000 rw-p 00000000 00:00 0 
7fd07c021000-7fd080000000 ---p 00000000 00:00 0 
7fd080000000-7fd080021000 rw-p 00000000 00:00 0 
7fd080021000-7fd084000000 ---p 00000000 00:00 0 
7fd084614000-7fd084626000 r--s 000c6000 00:1a 6558537                    /home/mike/AndroidStudioProjects/WaterApp/app/build/intermediates/exploded-aar/com.android.support/support-v4/22.2.0/jars/classes.jar
7fd084626000-7fd084627000 ---p 00000000 00:00 0 
7fd084627000-7fd084727000 rw-p 00000000 00:00 0                          [stack:6135]
7fd084727000-7fd08472a000 ---p 00000000 00:00 0 
7fd08472a000-7fd084828000 rw-p 00000000 00:00 0                          [stack:6133]
7fd084828000-7fd08482b000 ---p 00000000 00:00 0 
7fd08482b000-7fd084929000 rw-p 00000000 00:00 0                          [stack:6132]
7fd084929000-7fd08492c000 ---p 00000000 00:00 0 
7fd08492c000-7fd084a2a000 rw-p 00000000 00:00 0                          [stack:6131]
7fd084a2a000-7fd084a2d000 ---p 00000000 00:00 0 
7fd084a2d000-7fd084b2b000 rw-p 00000000 00:00 0                          [stack:6130]
7fd084b2b000-7fd0852fb000 r--p 00000000 08:01 4201913                    /usr/lib/locale/locale-archive
7fd0852fb000-7fd0852fe000 ---p 00000000 00:00 0 
7fd0852fe000-7fd0853fc000 rw-p 00000000 00:00 0                          [stack:6129]
7fd0853fc000-7fd0853ff000 ---p 00000000 00:00 0 
7fd0853ff000-7fd0854fd000 rw-p 00000000 00:00 0                          [stack:6128]
7fd0854fd000-7fd0854fe000 ---p 00000000 00:00 0 
7fd0854fe000-7fd085e27000 rw-p 00000000 00:00 0                          [stack:6127]
7fd085e27000-7fd086000000 r--s 03d09000 08:01 1060961                    /usr/lib/jvm/java-8-oracle/jre/lib/rt.jar
7fd086000000-7fd088000000 rw-p 00000000 00:00 0 
7fd088000000-7fd088021000 rw-p 00000000 00:00 0 
7fd088021000-7fd08c000000 ---p 00000000 00:00 0 
7fd08c010000-7fd08c828000 rw-p 00000000 00:00 0 
7fd08c828000-7fd08c9a8000 ---p 00000000 00:00 0 
7fd08c9a8000-7fd08cba8000 rw-p 00000000 00:00 0 
7fd08cba8000-7fd08cba9000 ---p 00000000 00:00 0 
7fd08cba9000-7fd08ccbe000 rw-p 00000000 00:00 0                          [stack:6126]
7fd08ccbe000-7fd08cdff000 ---p 00000000 00:00 0 
7fd08cdff000-7fd08ce14000 rw-p 00000000 00:00 0 
7fd08ce14000-7fd08cf54000 ---p 00000000 00:00 0 
7fd08cf54000-7fd08cf7b000 rw-p 00000000 00:00 0 
7fd08cf7b000-7fd08cfff000 ---p 00000000 00:00 0 
7fd08cfff000-7fd08d000000 rw-p 00000000 00:00 0 
7fd08d000000-7fd08d710000 rwxp 00000000 00:00 0 
7fd08d710000-7fd09c000000 ---p 00000000 00:00 0 
7fd09c000000-7fd09c390000 rw-p 00000000 00:00 0 
7fd09c390000-7fd0a0000000 ---p 00000000 00:00 0 
7fd0a000b000-7fd0a001a000 r--s 000dd000 00:1a 5770487                    /home/mike/Android/Sdk/build-tools/21.1.2/lib/dx.jar
7fd0a001a000-7fd0a003b000 rw-p 00000000 00:00 0 
7fd0a003b000-7fd0a003c000 ---p 00000000 00:00 0 
7fd0a003c000-7fd0a0159000 rw-p 00000000 00:00 0                          [stack:6125]
7fd0a0159000-7fd0a04fc000 ---p 00000000 00:00 0 
7fd0a04fc000-7fd0a0516000 r-xp 00000000 08:01 1060912                    /usr/lib/jvm/java-8-oracle/jre/lib/amd64/libzip.so
7fd0a0516000-7fd0a0716000 ---p 0001a000 08:01 1060912                    /usr/lib/jvm/java-8-oracle/jre/lib/amd64/libzip.so
7fd0a0716000-7fd0a0717000 rw-p 0001a000 08:01 1060912                    /usr/lib/jvm/java-8-oracle/jre/lib/amd64/libzip.so
7fd0a0717000-7fd0a0722000 r-xp 00000000 08:01 131270                     /lib/x86_64-linux-gnu/libnss_files-2.19.so
7fd0a0722000-7fd0a0921000 ---p 0000b000 08:01 131270                     /lib/x86_64-linux-gnu/libnss_files-2.19.so
7fd0a0921000-7fd0a0922000 r--p 0000a000 08:01 131270                     /lib/x86_64-linux-gnu/libnss_files-2.19.so
7fd0a0922000-7fd0a0923000 rw-p 0000b000 08:01 131270                     /lib/x86_64-linux-gnu/libnss_files-2.19.so
7fd0a0923000-7fd0a092e000 r-xp 00000000 08:01 131717                     /lib/x86_64-linux-gnu/libnss_nis-2.19.so
7fd0a092e000-7fd0a0b2d000 ---p 0000b000 08:01 131717                     /lib/x86_64-linux-gnu/libnss_nis-2.19.so
7fd0a0b2d000-7fd0a0b2e000 r--p 0000a000 08:01 131717                     /lib/x86_64-linux-gnu/libnss_nis-2.19.so
7fd0a0b2e000-7fd0a0b2f000 rw-p 0000b000 08:01 131717                     /lib/x86_64-linux-gnu/libnss_nis-2.19.so
7fd0a0b2f000-7fd0a0b46000 r-xp 00000000 08:01 131705                     /lib/x86_64-linux-gnu/libnsl-2.19.so
7fd0a0b46000-7fd0a0d45000 ---p 00017000 08:01 131705                     /lib/x86_64-linux-gnu/libnsl-2.19.so
7fd0a0d45000-7fd0a0d46000 r--p 00016000 08:01 131705                     /lib/x86_64-linux-gnu/libnsl-2.19.so
7fd0a0d46000-7fd0a0d47000 rw-p 00017000 08:01 131705                     /lib/x86_64-linux-gnu/libnsl-2.19.so
7fd0a0d47000-7fd0a0d49000 rw-p 00000000 00:00 0 
7fd0a0d49000-7fd0a0d52000 r-xp 00000000 08:01 131704                     /lib/x86_64-linux-gnu/libnss_compat-2.19.so
7fd0a0d52000-7fd0a0f51000 ---p 00009000 08:01 131704                     /lib/x86_64-linux-gnu/libnss_compat-2.19.so
7fd0a0f51000-7fd0a0f52000 r--p 00008000 08:01 131704                     /lib/x86_64-linux-gnu/libnss_compat-2.19.so
7fd0a0f52000-7fd0a0f53000 rw-p 00009000 08:01 131704                     /lib/x86_64-linux-gnu/libnss_compat-2.19.so
7fd0a0f53000-7fd0a0f7d000 r-xp 00000000 08:01 1060954                    /usr/lib/jvm/java-8-oracle/jre/lib/amd64/libjava.so
7fd0a0f7d000-7fd0a117d000 ---p 0002a000 08:01 1060954                    /usr/lib/jvm/java-8-oracle/jre/lib/amd64/libjava.so
7fd0a117d000-7fd0a117f000 rw-p 0002a000 08:01 1060954                    /usr/lib/jvm/java-8-oracle/jre/lib/amd64/libjava.so
7fd0a117f000-7fd0a118c000 r-xp 00000000 08:01 1060930                    /usr/lib/jvm/java-8-oracle/jre/lib/amd64/libverify.so
7fd0a118c000-7fd0a138c000 ---p 0000d000 08:01 1060930                    /usr/lib/jvm/java-8-oracle/jre/lib/amd64/libverify.so
7fd0a138c000-7fd0a138e000 rw-p 0000d000 08:01 1060930                    /usr/lib/jvm/java-8-oracle/jre/lib/amd64/libverify.so
7fd0a138e000-7fd0a1395000 r-xp 00000000 08:01 131713                     /lib/x86_64-linux-gnu/librt-2.19.so
7fd0a1395000-7fd0a1594000 ---p 00007000 08:01 131713                     /lib/x86_64-linux-gnu/librt-2.19.so
7fd0a1594000-7fd0a1595000 r--p 00006000 08:01 131713                     /lib/x86_64-linux-gnu/librt-2.19.so
7fd0a1595000-7fd0a1596000 rw-p 00007000 08:01 131713                     /lib/x86_64-linux-gnu/librt-2.19.so
7fd0a1596000-7fd0a169b000 r-xp 00000000 08:01 131269                     /lib/x86_64-linux-gnu/libm-2.19.so
7fd0a169b000-7fd0a189a000 ---p 00105000 08:01 131269                     /lib/x86_64-linux-gnu/libm-2.19.so
7fd0a189a000-7fd0a189b000 r--p 00104000 08:01 131269                     /lib/x86_64-linux-gnu/libm-2.19.so
7fd0a189b000-7fd0a189c000 rw-p 00105000 08:01 131269                     /lib/x86_64-linux-gnu/libm-2.19.so
7fd0a189c000-7fd0a254a000 r-xp 00000000 08:01 1060915                    /usr/lib/jvm/java-8-oracle/jre/lib/amd64/server/libjvm.so
7fd0a254a000-7fd0a2749000 ---p 00cae000 08:01 1060915                    /usr/lib/jvm/java-8-oracle/jre/lib/amd64/server/libjvm.so
7fd0a2749000-7fd0a2820000 rw-p 00cad000 08:01 1060915                    /usr/lib/jvm/java-8-oracle/jre/lib/amd64/server/libjvm.so
7fd0a2820000-7fd0a2864000 rw-p 00000000 00:00 0 
7fd0a2864000-7fd0a2a1f000 r-xp 00000000 08:01 131710                     /lib/x86_64-linux-gnu/libc-2.19.so
7fd0a2a1f000-7fd0a2c1e000 ---p 001bb000 08:01 131710                     /lib/x86_64-linux-gnu/libc-2.19.so
7fd0a2c1e000-7fd0a2c22000 r--p 001ba000 08:01 131710                     /lib/x86_64-linux-gnu/libc-2.19.so
7fd0a2c22000-7fd0a2c24000 rw-p 001be000 08:01 131710                     /lib/x86_64-linux-gnu/libc-2.19.so
7fd0a2c24000-7fd0a2c29000 rw-p 00000000 00:00 0 
7fd0a2c29000-7fd0a2c2c000 r-xp 00000000 08:01 131698                     /lib/x86_64-linux-gnu/libdl-2.19.so
7fd0a2c2c000-7fd0a2e2b000 ---p 00003000 08:01 131698                     /lib/x86_64-linux-gnu/libdl-2.19.so
7fd0a2e2b000-7fd0a2e2c000 r--p 00002000 08:01 131698                     /lib/x86_64-linux-gnu/libdl-2.19.so
7fd0a2e2c000-7fd0a2e2d000 rw-p 00003000 08:01 131698                     /lib/x86_64-linux-gnu/libdl-2.19.so
7fd0a2e2d000-7fd0a2e42000 r-xp 00000000 08:01 265478                     /usr/lib/jvm/java-8-oracle/lib/amd64/jli/libjli.so
7fd0a2e42000-7fd0a3042000 ---p 00015000 08:01 265478                     /usr/lib/jvm/java-8-oracle/lib/amd64/jli/libjli.so
7fd0a3042000-7fd0a3043000 rw-p 00015000 08:01 265478                     /usr/lib/jvm/java-8-oracle/lib/amd64/jli/libjli.so
7fd0a3043000-7fd0a305c000 r-xp 00000000 08:01 131711                     /lib/x86_64-linux-gnu/libpthread-2.19.so
7fd0a305c000-7fd0a325b000 ---p 00019000 08:01 131711                     /lib/x86_64-linux-gnu/libpthread-2.19.so
7fd0a325b000-7fd0a325c000 r--p 00018000 08:01 131711                     /lib/x86_64-linux-gnu/libpthread-2.19.so
7fd0a325c000-7fd0a325d000 rw-p 00019000 08:01 131711                     /lib/x86_64-linux-gnu/libpthread-2.19.so
7fd0a325d000-7fd0a3261000 rw-p 00000000 00:00 0 
7fd0a3261000-7fd0a3284000 r-xp 00000000 08:01 131707                     /lib/x86_64-linux-gnu/ld-2.19.so
7fd0a3287000-7fd0a3359000 rw-p 00000000 00:00 0 
7fd0a3359000-7fd0a335c000 ---p 00000000 00:00 0 
7fd0a335c000-7fd0a345e000 rw-p 00000000 00:00 0                          [stack:6122]
7fd0a3462000-7fd0a3477000 rw-p 00000000 00:00 0 
7fd0a3477000-7fd0a347f000 rw-s 00000000 08:01 1180203                    /tmp/hsperfdata_mike/6119
7fd0a347f000-7fd0a3480000 rw-p 00000000 00:00 0 
7fd0a3480000-7fd0a3481000 ---p 00000000 00:00 0 
7fd0a3481000-7fd0a3483000 rw-p 00000000 00:00 0 
7fd0a3483000-7fd0a3484000 r--p 00022000 08:01 131707                     /lib/x86_64-linux-gnu/ld-2.19.so
7fd0a3484000-7fd0a3485000 rw-p 00023000 08:01 131707                     /lib/x86_64-linux-gnu/ld-2.19.so
7fd0a3485000-7fd0a3486000 rw-p 00000000 00:00 0 
7ffc68560000-7ffc68581000 rw-p 00000000 00:00 0                          [stack]
7ffc685e4000-7ffc685e6000 r-xp 00000000 00:00 0                          [vdso]
ffffffffff600000-ffffffffff601000 r-xp 00000000 00:00 0                  [vsyscall]

VM Arguments:
jvm_args: -Xmx1024M -Dfile.encoding=UTF-8 -Duser.country=US -Duser.language=en -Duser.variant 
java_command: com.android.dx.command.Main --dex --output /home/mike/AndroidStudioProjects/WaterApp/app/build/intermediates/pre-dexed/debug/classes-e4e012f4863d395501bed270a9f27539dbbef5a6.jar /home/mike/AndroidStudioProjects/WaterApp/app/build/intermediates/exploded-aar/com.android.support/support-v4/22.2.0/jars/classes.jar
java_class_path (initial): /home/mike/Android/Sdk/build-tools/21.1.2/lib/dx.jar
Launcher Type: SUN_STANDARD

Environment Variables:
PATH=/home/mike/bin:/usr/local/sbin:/usr/local/bin:/usr/sbin:/usr/bin:/sbin:/bin:/usr/games:/usr/local/games
LD_LIBRARY_PATH=/opt/android-studio/bin:
SHELL=/bin/bash
DISPLAY=:0

Signal Handlers:
SIGSEGV: [libjvm.so+0xaad1e0], sa_mask[0]=11111111011111111101111111111110, sa_flags=SA_RESTART|SA_SIGINFO
SIGBUS: [libjvm.so+0xaad1e0], sa_mask[0]=11111111011111111101111111111110, sa_flags=SA_RESTART|SA_SIGINFO
SIGFPE: [libjvm.so+0x90b450], sa_mask[0]=11111111011111111101111111111110, sa_flags=SA_RESTART|SA_SIGINFO
SIGPIPE: [libjvm.so+0x90b450], sa_mask[0]=11111111011111111101111111111110, sa_flags=SA_RESTART|SA_SIGINFO
SIGXFSZ: [libjvm.so+0x90b450], sa_mask[0]=11111111011111111101111111111110, sa_flags=SA_RESTART|SA_SIGINFO
SIGILL: [libjvm.so+0x90b450], sa_mask[0]=11111111011111111101111111111110, sa_flags=SA_RESTART|SA_SIGINFO
SIGUSR1: SIG_DFL, sa_mask[0]=00000000000000000000000000000000, sa_flags=none
SIGUSR2: [libjvm.so+0x90ca90], sa_mask[0]=00100000000000000000000000000000, sa_flags=SA_RESTART|SA_SIGINFO
SIGHUP: [libjvm.so+0x90dde0], sa_mask[0]=11111111011111111101111111111110, sa_flags=SA_RESTART|SA_SIGINFO
SIGINT: [libjvm.so+0x90dde0], sa_mask[0]=11111111011111111101111111111110, sa_flags=SA_RESTART|SA_SIGINFO
SIGTERM: [libjvm.so+0x90dde0], sa_mask[0]=11111111011111111101111111111110, sa_flags=SA_RESTART|SA_SIGINFO
SIGQUIT: [libjvm.so+0x90dde0], sa_mask[0]=11111111011111111101111111111110, sa_flags=SA_RESTART|SA_SIGINFO


---------------  S Y S T E M  ---------------

OS:DISTRIB_ID=Ubuntu
DISTRIB_RELEASE=14.04
DISTRIB_CODENAME=trusty
DISTRIB_DESCRIPTION="Ubuntu 14.04.2 LTS"

uname:Linux 3.13.0-53-generic #89-Ubuntu SMP Wed May 20 10:34:39 UTC 2015 x86_64
libc:glibc 2.19 NPTL 2.19 
rlimit: STACK 8192k, CORE 0k, NPROC 28701, NOFILE 4096, AS infinity
load average:3.80 1.80 1.03

/proc/meminfo:
MemTotal:        3932636 kB
MemFree:          113512 kB
Buffers:             436 kB
Cached:           330464 kB
SwapCached:            0 kB
Active:          3326620 kB
Inactive:         313296 kB
Active(anon):    3310312 kB
Inactive(anon):   298816 kB
Active(file):      16308 kB
Inactive(file):    14480 kB
Unevictable:          48 kB
Mlocked:              48 kB
SwapTotal:             0 kB
SwapFree:              0 kB
Dirty:              3784 kB
Writeback:             0 kB
AnonPages:       3309204 kB
Mapped:           106832 kB
Shmem:            300048 kB
Slab:              70556 kB
SReclaimable:      28520 kB
SUnreclaim:        42036 kB
KernelStack:        5152 kB
PageTables:        51168 kB
NFS_Unstable:          0 kB
Bounce:                0 kB
WritebackTmp:          0 kB
CommitLimit:     1966316 kB
Committed_AS:    9190492 kB
VmallocTotal:   34359738367 kB
VmallocUsed:      544568 kB
VmallocChunk:   34359170940 kB
HardwareCorrupted:     0 kB
AnonHugePages:   1222656 kB
HugePages_Total:       0
HugePages_Free:        0
HugePages_Rsvd:        0
HugePages_Surp:        0
Hugepagesize:       2048 kB
DirectMap4k:       83020 kB
DirectMap2M:     3995648 kB


CPU:total 2 (2 cores per cpu, 1 threads per core) family 6 model 55 stepping 8, cmov, cx8, fxsr, mmx, sse, sse2, sse3, ssse3, sse4.1, sse4.2, popcnt, clmul, erms, 3dnowpref, tsc, tscinvbit

/proc/cpuinfo:
processor	: 0
vendor_id	: GenuineIntel
cpu family	: 6
model		: 55
model name	: Intel(R) Celeron(R) CPU  N2830  @ 2.16GHz
stepping	: 8
microcode	: 0x809
cpu MHz		: 2159.000
cache size	: 1024 KB
physical id	: 0
siblings	: 2
core id		: 0
cpu cores	: 2
apicid		: 0
initial apicid	: 0
fpu		: yes
fpu_exception	: yes
cpuid level	: 11
wp		: yes
flags		: fpu vme de pse tsc msr pae mce cx8 apic sep mtrr pge mca cmov pat pse36 clflush dts acpi mmx fxsr sse sse2 ss ht tm pbe syscall nx rdtscp lm constant_tsc arch_perfmon pebs bts rep_good nopl xtopology nonstop_tsc aperfmperf pni pclmulqdq dtes64 monitor ds_cpl vmx est tm2 ssse3 cx16 xtpr pdcm sse4_1 sse4_2 movbe popcnt tsc_deadline_timer rdrand lahf_lm 3dnowprefetch ida arat epb dtherm tpr_shadow vnmi flexpriority ept vpid tsc_adjust smep erms
bogomips	: 4333.50
clflush size	: 64
cache_alignment	: 64
address sizes	: 36 bits physical, 48 bits virtual
power management:

processor	: 1
vendor_id	: GenuineIntel
cpu family	: 6
model		: 55
model name	: Intel(R) Celeron(R) CPU  N2830  @ 2.16GHz
stepping	: 8
microcode	: 0x809
cpu MHz		: 2159.000
cache size	: 1024 KB
physical id	: 0
siblings	: 2
core id		: 1
cpu cores	: 2
apicid		: 2
initial apicid	: 2
fpu		: yes
fpu_exception	: yes
cpuid level	: 11
wp		: yes
flags		: fpu vme de pse tsc msr pae mce cx8 apic sep mtrr pge mca cmov pat pse36 clflush dts acpi mmx fxsr sse sse2 ss ht tm pbe syscall nx rdtscp lm constant_tsc arch_perfmon pebs bts rep_good nopl xtopology nonstop_tsc aperfmperf pni pclmulqdq dtes64 monitor ds_cpl vmx est tm2 ssse3 cx16 xtpr pdcm sse4_1 sse4_2 movbe popcnt tsc_deadline_timer rdrand lahf_lm 3dnowprefetch ida arat epb dtherm tpr_shadow vnmi flexpriority ept vpid tsc_adjust smep erms
bogomips	: 4333.50
clflush size	: 64
cache_alignment	: 64
address sizes	: 36 bits physical, 48 bits virtual
power management:



Memory: 4k page, physical 3932636k(113512k free), swap 0k(0k free)

vm_info: Java HotSpot(TM) 64-Bit Server VM (25.45-b02) for linux-amd64 JRE (1.8.0_45-b14), built on Apr 10 2015 10:07:45 by "java_re" with gcc 4.3.0 20080428 (Red Hat 4.3.0-8)

time: Sun May 31 14:51:22 2015
elapsed time: 10 seconds (0d 0h 0m 10s)

