#
# There is insufficient memory for the Java Runtime Environment to continue.
# Native memory allocation (mmap) failed to map 84934656 bytes for committing reserved memory.
# Possible reasons:
#   The system is out of physical RAM or swap space
#   In 32 bit mode, the process size limit was hit
# Possible solutions:
#   Reduce memory load on the system
#   Increase physical memory or swap space
#   Check if swap backing store is full
#   Use 64 bit Java on a 64 bit OS
#   Decrease Java heap size (-Xmx/-Xms)
#   Decrease number of Java threads
#   Decrease Java thread stack sizes (-Xss)
#   Set larger code cache with -XX:ReservedCodeCacheSize=
# This output file may be truncated or incomplete.
#
#  Out of Memory Error (os_linux.cpp:2673), pid=7675, tid=139867695732480
#
# JRE version: Java(TM) SE Runtime Environment (8.0_45-b14) (build 1.8.0_45-b14)
# Java VM: Java HotSpot(TM) 64-Bit Server VM (25.45-b02 mixed mode linux-amd64 compressed oops)
# Failed to write core dump. Core dumps have been disabled. To enable core dumping, try "ulimit -c unlimited" before starting Java again
#

---------------  T H R E A D  ---------------

Current thread (0x00007f358c073800):  VMThread [stack: 0x00007f357c41d000,0x00007f357c51e000] [id=7689]

Stack: [0x00007f357c41d000,0x00007f357c51e000],  sp=0x00007f357c51c260,  free space=1020k
Native frames: (J=compiled Java code, j=interpreted, Vv=VM code, C=native code)
V  [libjvm.so+0xaac99a]  VMError::report_and_die()+0x2ba
V  [libjvm.so+0x4f333b]  report_vm_out_of_memory(char const*, int, unsigned long, VMErrorType, char const*)+0x8b
V  [libjvm.so+0x90e7c3]  os::Linux::commit_memory_impl(char*, unsigned long, bool)+0x103
V  [libjvm.so+0x90ed19]  os::pd_commit_memory(char*, unsigned long, unsigned long, bool)+0x29
V  [libjvm.so+0x90867a]  os::commit_memory(char*, unsigned long, unsigned long, bool)+0x2a
V  [libjvm.so+0x97bac3]  PSVirtualSpace::expand_by(unsigned long)+0x53
V  [libjvm.so+0x97cec8]  PSYoungGen::resize_generation(unsigned long, unsigned long)+0xf8
V  [libjvm.so+0x97c022]  PSYoungGen::resize(unsigned long, unsigned long)+0x22
V  [libjvm.so+0x9792fb]  PSScavenge::invoke_no_policy()+0xf7b
V  [libjvm.so+0x979a81]  PSScavenge::invoke()+0x41
V  [libjvm.so+0x932050]  ParallelScavengeHeap::failed_mem_allocate(unsigned long)+0x70
V  [libjvm.so+0xaae1d7]  VM_ParallelGCFailedAllocation::doit()+0x97
V  [libjvm.so+0xab59c5]  VM_Operation::evaluate()+0x55
V  [libjvm.so+0xab3d9a]  VMThread::evaluate_operation(VM_Operation*)+0xba
V  [libjvm.so+0xab411e]  VMThread::loop()+0x1ce
V  [libjvm.so+0xab4590]  VMThread::run()+0x70
V  [libjvm.so+0x910de8]  java_start(Thread*)+0x108

VM_Operation (0x00007f3594386970): ParallelGCFailedAllocation, mode: safepoint, requested by thread 0x00007f358c00a000


---------------  P R O C E S S  ---------------

Java Threads: ( => current thread )
  0x00007f358c0bc000 JavaThread "Service Thread" daemon [_thread_blocked, id=7703, stack(0x00007f356d62e000,0x00007f356d72f000)]
  0x00007f358c0b7800 JavaThread "C1 CompilerThread1" daemon [_thread_blocked, id=7701, stack(0x00007f356d72f000,0x00007f356d830000)]
  0x00007f358c0b4800 JavaThread "C2 CompilerThread0" daemon [_thread_blocked, id=7700, stack(0x00007f357c019000,0x00007f357c11a000)]
  0x00007f358c0b3000 JavaThread "Signal Dispatcher" daemon [_thread_blocked, id=7699, stack(0x00007f357c11a000,0x00007f357c21b000)]
  0x00007f358c07b000 JavaThread "Finalizer" daemon [_thread_blocked, id=7693, stack(0x00007f357c21b000,0x00007f357c31c000)]
  0x00007f358c078800 JavaThread "Reference Handler" daemon [_thread_blocked, id=7691, stack(0x00007f357c31c000,0x00007f357c41d000)]
  0x00007f358c00a000 JavaThread "main" [_thread_blocked, id=7683, stack(0x00007f3594288000,0x00007f3594389000)]

Other Threads:
=>0x00007f358c073800 VMThread [stack: 0x00007f357c41d000,0x00007f357c51e000] [id=7689]
  0x00007f358c0bf000 WatcherThread [stack: 0x00007f356d52d000,0x00007f356d62e000] [id=7704]

VM state:at safepoint (normal execution)

VM Mutex/Monitor currently owned by a thread:  ([mutex/lock_event])
[0x00007f358c0063b0] Threads_lock - owner thread: 0x00007f358c073800
[0x00007f358c0068b0] Heap_lock - owner thread: 0x00007f358c00a000

Heap:
 PSYoungGen      total 66048K, used 2555K [0x00000000eab00000, 0x00000000eee00000, 0x0000000100000000)
  eden space 63488K, 0% used [0x00000000eab00000,0x00000000eab00000,0x00000000ee900000)
  from space 2560K, 99% used [0x00000000ee900000,0x00000000eeb7eef8,0x00000000eeb80000)
  to   space 2560K, 0% used [0x00000000eeb80000,0x00000000eeb80000,0x00000000eee00000)
 ParOldGen       total 42496K, used 22710K [0x00000000c0000000, 0x00000000c2980000, 0x00000000eab00000)
  object space 42496K, 53% used [0x00000000c0000000,0x00000000c162d898,0x00000000c2980000)
 Metaspace       used 5939K, capacity 7088K, committed 7296K, reserved 1056768K
  class space    used 570K, capacity 616K, committed 640K, reserved 1048576K

Card table byte_map: [0x00007f3590e6a000,0x00007f359106b000] byte_map_base: 0x00007f359086a000

Marking Bits: (ParMarkBitMap*) 0x00007f3593768760
 Begin Bits: [0x00007f356e000000, 0x00007f356f000000)
 End Bits:   [0x00007f356f000000, 0x00007f3570000000)

Polling page: 0x00007f35943af000

CodeCache: size=245760Kb used=6238Kb max_used=6258Kb free=239521Kb
 bounds [0x00007f357d000000, 0x00007f357d630000, 0x00007f358c000000]
 total_blobs=1864 nmethods=1600 adapters=178
 compilation: enabled

Compilation events (10 events):
Event: 10.250 Thread 0x00007f358c0b4800 1638       4       com.android.dx.cf.code.Ropper::getAvailableLabel (54 bytes)
Event: 10.250 Thread 0x00007f358c0b7800 nmethod 1664 0x00007f357d60ed90 code [0x00007f357d60ef00, 0x00007f357d60f128]
Event: 10.250 Thread 0x00007f358c0b7800 1662       2       com.android.dx.ssa.SsaMethod$1::visitMoveInsn (17 bytes)
Event: 10.251 Thread 0x00007f358c0b7800 nmethod 1662 0x00007f357d60e850 code [0x00007f357d60e9c0, 0x00007f357d60ebd0]
Event: 10.251 Thread 0x00007f358c0b7800 1663       2       com.android.dx.ssa.SsaMethod::makeNewSsaReg (26 bytes)
Event: 10.252 Thread 0x00007f358c0b7800 nmethod 1663 0x00007f357d60e4d0 code [0x00007f357d60e620, 0x00007f357d60e7b0]
Event: 10.453 Thread 0x00007f358c0b4800 nmethod 1638 0x00007f357d60ab10 code [0x00007f357d60aca0, 0x00007f357d60b0d8]
Event: 10.453 Thread 0x00007f358c0b4800 1593       4       com.android.dx.ssa.SsaRenamer$BlockRenamer::processResultReg (56 bytes)
Event: 10.587 Thread 0x00007f358c0b7800 1669       2       com.android.dx.cf.direct.DirectClassFile::getAttributes (9 bytes)
Event: 10.595 Thread 0x00007f358c0b7800 nmethod 1669 0x00007f357d60e110 code [0x00007f357d60e280, 0x00007f357d60e408]

GC Heap History (9 events):
Event: 3.064 GC heap before
{Heap before GC invocations=1 (full 0):
 PSYoungGen      total 18432K, used 15872K [0x00000000eab00000, 0x00000000ebf80000, 0x0000000100000000)
  eden space 15872K, 100% used [0x00000000eab00000,0x00000000eba80000,0x00000000eba80000)
  from space 2560K, 0% used [0x00000000ebd00000,0x00000000ebd00000,0x00000000ebf80000)
  to   space 2560K, 0% used [0x00000000eba80000,0x00000000eba80000,0x00000000ebd00000)
 ParOldGen       total 42496K, used 0K [0x00000000c0000000, 0x00000000c2980000, 0x00000000eab00000)
  object space 42496K, 0% used [0x00000000c0000000,0x00000000c0000000,0x00000000c2980000)
 Metaspace       used 5410K, capacity 6704K, committed 6784K, reserved 1056768K
  class space    used 543K, capacity 616K, committed 640K, reserved 1048576K
Event: 3.125 GC heap after
Heap after GC invocations=1 (full 0):
 PSYoungGen      total 18432K, used 2551K [0x00000000eab00000, 0x00000000ecf00000, 0x0000000100000000)
  eden space 15872K, 0% used [0x00000000eab00000,0x00000000eab00000,0x00000000eba80000)
  from space 2560K, 99% used [0x00000000eba80000,0x00000000ebcfdc78,0x00000000ebd00000)
  to   space 2560K, 0% used [0x00000000ecc80000,0x00000000ecc80000,0x00000000ecf00000)
 ParOldGen       total 42496K, used 1591K [0x00000000c0000000, 0x00000000c2980000, 0x00000000eab00000)
  object space 42496K, 3% used [0x00000000c0000000,0x00000000c018df58,0x00000000c2980000)
 Metaspace       used 5410K, capacity 6704K, committed 6784K, reserved 1056768K
  class space    used 543K, capacity 616K, committed 640K, reserved 1048576K
}
Event: 4.500 GC heap before
{Heap before GC invocations=2 (full 0):
 PSYoungGen      total 18432K, used 18423K [0x00000000eab00000, 0x00000000ecf00000, 0x0000000100000000)
  eden space 15872K, 100% used [0x00000000eab00000,0x00000000eba80000,0x00000000eba80000)
  from space 2560K, 99% used [0x00000000eba80000,0x00000000ebcfdc78,0x00000000ebd00000)
  to   space 2560K, 0% used [0x00000000ecc80000,0x00000000ecc80000,0x00000000ecf00000)
 ParOldGen       total 42496K, used 1591K [0x00000000c0000000, 0x00000000c2980000, 0x00000000eab00000)
  object space 42496K, 3% used [0x00000000c0000000,0x00000000c018df58,0x00000000c2980000)
 Metaspace       used 5634K, capacity 6896K, committed 7040K, reserved 1056768K
  class space    used 547K, capacity 616K, committed 640K, reserved 1048576K
Event: 4.559 GC heap after
Heap after GC invocations=2 (full 0):
 PSYoungGen      total 34304K, used 2536K [0x00000000eab00000, 0x00000000ecf00000, 0x0000000100000000)
  eden space 31744K, 0% used [0x00000000eab00000,0x00000000eab00000,0x00000000eca00000)
  from space 2560K, 99% used [0x00000000ecc80000,0x00000000ecefa338,0x00000000ecf00000)
  to   space 2560K, 0% used [0x00000000eca00000,0x00000000eca00000,0x00000000ecc80000)
 ParOldGen       total 42496K, used 3899K [0x00000000c0000000, 0x00000000c2980000, 0x00000000eab00000)
  object space 42496K, 9% used [0x00000000c0000000,0x00000000c03cec48,0x00000000c2980000)
 Metaspace       used 5634K, capacity 6896K, committed 7040K, reserved 1056768K
  class space    used 547K, capacity 616K, committed 640K, reserved 1048576K
}
Event: 6.409 GC heap before
{Heap before GC invocations=3 (full 0):
 PSYoungGen      total 34304K, used 34280K [0x00000000eab00000, 0x00000000ecf00000, 0x0000000100000000)
  eden space 31744K, 100% used [0x00000000eab00000,0x00000000eca00000,0x00000000eca00000)
  from space 2560K, 99% used [0x00000000ecc80000,0x00000000ecefa338,0x00000000ecf00000)
  to   space 2560K, 0% used [0x00000000eca00000,0x00000000eca00000,0x00000000ecc80000)
 ParOldGen       total 42496K, used 3899K [0x00000000c0000000, 0x00000000c2980000, 0x00000000eab00000)
  object space 42496K, 9% used [0x00000000c0000000,0x00000000c03cec48,0x00000000c2980000)
 Metaspace       used 5771K, capacity 7024K, committed 7296K, reserved 1056768K
  class space    used 552K, capacity 616K, committed 640K, reserved 1048576K
Event: 6.510 GC heap after
Heap after GC invocations=3 (full 0):
 PSYoungGen      total 34304K, used 2545K [0x00000000eab00000, 0x00000000eee00000, 0x0000000100000000)
  eden space 31744K, 0% used [0x00000000eab00000,0x00000000eab00000,0x00000000eca00000)
  from space 2560K, 99% used [0x00000000eca00000,0x00000000ecc7c518,0x00000000ecc80000)
  to   space 2560K, 0% used [0x00000000eeb80000,0x00000000eeb80000,0x00000000eee00000)
 ParOldGen       total 42496K, used 9118K [0x00000000c0000000, 0x00000000c2980000, 0x00000000eab00000)
  object space 42496K, 21% used [0x00000000c0000000,0x00000000c08e7930,0x00000000c2980000)
 Metaspace       used 5771K, capacity 7024K, committed 7296K, reserved 1056768K
  class space    used 552K, capacity 616K, committed 640K, reserved 1048576K
}
Event: 7.643 GC heap before
{Heap before GC invocations=4 (full 0):
 PSYoungGen      total 34304K, used 34289K [0x00000000eab00000, 0x00000000eee00000, 0x0000000100000000)
  eden space 31744K, 100% used [0x00000000eab00000,0x00000000eca00000,0x00000000eca00000)
  from space 2560K, 99% used [0x00000000eca00000,0x00000000ecc7c518,0x00000000ecc80000)
  to   space 2560K, 0% used [0x00000000eeb80000,0x00000000eeb80000,0x00000000eee00000)
 ParOldGen       total 42496K, used 9118K [0x00000000c0000000, 0x00000000c2980000, 0x00000000eab00000)
  object space 42496K, 21% used [0x00000000c0000000,0x00000000c08e7930,0x00000000c2980000)
 Metaspace       used 5817K, capacity 7088K, committed 7296K, reserved 1056768K
  class space    used 552K, capacity 616K, committed 640K, reserved 1048576K
Event: 7.742 GC heap after
Heap after GC invocations=4 (full 0):
 PSYoungGen      total 66048K, used 2544K [0x00000000eab00000, 0x00000000eee00000, 0x0000000100000000)
  eden space 63488K, 0% used [0x00000000eab00000,0x00000000eab00000,0x00000000ee900000)
  from space 2560K, 99% used [0x00000000eeb80000,0x00000000eedfc148,0x00000000eee00000)
  to   space 2560K, 0% used [0x00000000ee900000,0x00000000ee900000,0x00000000eeb80000)
 ParOldGen       total 42496K, used 13712K [0x00000000c0000000, 0x00000000c2980000, 0x00000000eab00000)
  object space 42496K, 32% used [0x00000000c0000000,0x00000000c0d64018,0x00000000c2980000)
 Metaspace       used 5817K, capacity 7088K, committed 7296K, reserved 1056768K
  class space    used 552K, capacity 616K, committed 640K, reserved 1048576K
}
Event: 10.684 GC heap before
{Heap before GC invocations=5 (full 0):
 PSYoungGen      total 66048K, used 66032K [0x00000000eab00000, 0x00000000eee00000, 0x0000000100000000)
  eden space 63488K, 100% used [0x00000000eab00000,0x00000000ee900000,0x00000000ee900000)
  from space 2560K, 99% used [0x00000000eeb80000,0x00000000eedfc148,0x00000000eee00000)
  to   space 2560K, 0% used [0x00000000ee900000,0x00000000ee900000,0x00000000eeb80000)
 ParOldGen       total 42496K, used 13712K [0x00000000c0000000, 0x00000000c2980000, 0x00000000eab00000)
  object space 42496K, 32% used [0x00000000c0000000,0x00000000c0d64018,0x00000000c2980000)
 Metaspace       used 5939K, capacity 7088K, committed 7296K, reserved 1056768K
  class space    used 570K, capacity 616K, committed 640K, reserved 1048576K

Deoptimization events (10 events):
Event: 4.345 Thread 0x00007f358c00a000 Uncommon trap: reason=unstable_if action=reinterpret pc=0x00007f357d3370dc method=com.android.dx.rop.cst.Constant.compareTo(Lcom/android/dx/rop/cst/Constant;)I @ 12
Event: 5.594 Thread 0x00007f358c00a000 Uncommon trap: reason=unstable_if action=reinterpret pc=0x00007f357d3e48fc method=com.android.dx.ssa.SsaMethod.updateOneDefinition(Lcom/android/dx/ssa/SsaInsn;Lcom/android/dx/rop/code/RegisterSpec;)V @ 4
Event: 6.021 Thread 0x00007f358c00a000 Uncommon trap: reason=unstable_if action=reinterpret pc=0x00007f357d1a0adc method=java.lang.String.replace(CC)Ljava/lang/String; @ 26
Event: 6.905 Thread 0x00007f358c00a000 Uncommon trap: reason=bimorphic action=maybe_recompile pc=0x00007f357d2a9a40 method=java.util.HashMap.getNode(ILjava/lang/Object;)Ljava/util/HashMap$Node; @ 126
Event: 6.905 Thread 0x00007f358c00a000 Uncommon trap: reason=class_check action=maybe_recompile pc=0x00007f357d500598 method=java.util.HashMap.putVal(ILjava/lang/Object;Ljava/lang/Object;ZZ)Ljava/lang/Object; @ 203
Event: 8.396 Thread 0x00007f358c00a000 Uncommon trap: reason=unstable_if action=reinterpret pc=0x00007f357d33a504 method=java.util.HashMap.putVal(ILjava/lang/Object;Ljava/lang/Object;ZZ)Ljava/lang/Object; @ 162
Event: 8.417 Thread 0x00007f358c00a000 Uncommon trap: reason=unstable_if action=reinterpret pc=0x00007f357d2a9a1c method=java.util.HashMap.getNode(ILjava/lang/Object;)Ljava/util/HashMap$Node; @ 84
Event: 8.424 Thread 0x00007f358c00a000 Uncommon trap: reason=unstable_if action=reinterpret pc=0x00007f357d500070 method=java.util.HashMap.putVal(ILjava/lang/Object;Ljava/lang/Object;ZZ)Ljava/lang/Object; @ 162
Event: 8.715 Thread 0x00007f358c00a000 Uncommon trap: reason=unstable_if action=reinterpret pc=0x00007f357d4cfb54 method=com.android.dx.dex.code.OutputFinisher.hasLocalInfo(Lcom/android/dx/dex/code/DalvInsn;)Z @ 24
Event: 9.667 Thread 0x00007f358c00a000 Uncommon trap: reason=class_check action=maybe_recompile pc=0x00007f357d5da868 method=com.android.dx.rop.code.RegisterSpec.withSimpleType()Lcom/android/dx/rop/code/RegisterSpec; @ 21

Internal exceptions (5 events):
Event: 0.131 Thread 0x00007f358c00a000 Exception <a 'java/lang/NoSuchMethodError': Method sun.misc.Unsafe.defineClass(Ljava/lang/String;[BII)Ljava/lang/Class; name or signature does not match> (0x00000000eab12a38) thrown at [/RE-WORK/workspace/8-2-build-linux-amd64/jdk8u45/3457/hotspot/src/sha
Event: 0.131 Thread 0x00007f358c00a000 Exception <a 'java/lang/NoSuchMethodError': Method sun.misc.Unsafe.prefetchRead(Ljava/lang/Object;J)V name or signature does not match> (0x00000000eab12cc8) thrown at [/RE-WORK/workspace/8-2-build-linux-amd64/jdk8u45/3457/hotspot/src/share/vm/prims/jni.cp
Event: 8.407 Thread 0x00007f358c00a000 Exception <a 'java/lang/ArrayIndexOutOfBoundsException': 18> (0x00000000ebca56b8) thrown at [/RE-WORK/workspace/8-2-build-linux-amd64/jdk8u45/3457/hotspot/src/share/vm/interpreter/interpreterRuntime.cpp, line 366]
Event: 8.408 Thread 0x00007f358c00a000 Exception <a 'java/lang/ArrayIndexOutOfBoundsException'> (0x00000000ebca7188) thrown at [/RE-WORK/workspace/8-2-build-linux-amd64/jdk8u45/3457/hotspot/src/share/vm/runtime/sharedRuntime.cpp, line 605]
Event: 8.415 Thread 0x00007f358c00a000 Exception <a 'java/lang/ArrayIndexOutOfBoundsException'> (0x00000000ebca83c0) thrown at [/RE-WORK/workspace/8-2-build-linux-amd64/jdk8u45/3457/hotspot/src/share/vm/runtime/sharedRuntime.cpp, line 605]

Events (10 events):
Event: 8.424 Thread 0x00007f358c00a000 Uncommon trap: trap_request=0xffffff65 fr.pc=0x00007f357d500070
Event: 8.424 Thread 0x00007f358c00a000 DEOPT PACKING pc=0x00007f357d500070 sp=0x00007f3594386a60
Event: 8.424 Thread 0x00007f358c00a000 DEOPT UNPACKING pc=0x00007f357d005229 sp=0x00007f3594386a08 mode 2
Event: 8.715 Thread 0x00007f358c00a000 Uncommon trap: trap_request=0xffffff65 fr.pc=0x00007f357d4cfb54
Event: 8.715 Thread 0x00007f358c00a000 DEOPT PACKING pc=0x00007f357d4cfb54 sp=0x00007f3594386c80
Event: 8.715 Thread 0x00007f358c00a000 DEOPT UNPACKING pc=0x00007f357d005229 sp=0x00007f3594386bb8 mode 2
Event: 9.666 Thread 0x00007f358c00a000 Uncommon trap: trap_request=0xffffffde fr.pc=0x00007f357d5da868
Event: 9.667 Thread 0x00007f358c00a000 DEOPT PACKING pc=0x00007f357d5da868 sp=0x00007f3594386c30
Event: 9.668 Thread 0x00007f358c00a000 DEOPT UNPACKING pc=0x00007f357d005229 sp=0x00007f3594386bb8 mode 2
Event: 10.683 Executing VM operation: ParallelGCFailedAllocation


Dynamic libraries:
00400000-00401000 r-xp 00000000 08:01 1061491                            /usr/lib/jvm/java-8-oracle/bin/java
00600000-00601000 rw-p 00000000 08:01 1061491                            /usr/lib/jvm/java-8-oracle/bin/java
01a6b000-01a8c000 rw-p 00000000 00:00 0                                  [heap]
c0000000-c2980000 rw-p 00000000 00:00 0 
c2980000-eab00000 ---p 00000000 00:00 0 
eab00000-eee00000 rw-p 00000000 00:00 0 
f3f00000-100000000 ---p 00000000 00:00 0 
100000000-1000a0000 rw-p 00000000 00:00 0 
1000a0000-140000000 ---p 00000000 00:00 0 
7f3550000000-7f3550021000 rw-p 00000000 00:00 0 
7f3550021000-7f3554000000 ---p 00000000 00:00 0 
7f3554000000-7f3554021000 rw-p 00000000 00:00 0 
7f3554021000-7f3558000000 ---p 00000000 00:00 0 
7f3558000000-7f3558de3000 rw-p 00000000 00:00 0 
7f3558de3000-7f355c000000 ---p 00000000 00:00 0 
7f355c000000-7f355c5e8000 rw-p 00000000 00:00 0 
7f355c5e8000-7f3560000000 ---p 00000000 00:00 0 
7f3560000000-7f3560021000 rw-p 00000000 00:00 0 
7f3560021000-7f3564000000 ---p 00000000 00:00 0 
7f3564000000-7f3564021000 rw-p 00000000 00:00 0 
7f3564021000-7f3568000000 ---p 00000000 00:00 0 
7f3568000000-7f3568021000 rw-p 00000000 00:00 0 
7f3568021000-7f356c000000 ---p 00000000 00:00 0 
7f356d52d000-7f356d52e000 ---p 00000000 00:00 0 
7f356d52e000-7f356d62e000 rw-p 00000000 00:00 0                          [stack:7704]
7f356d62e000-7f356d631000 ---p 00000000 00:00 0 
7f356d631000-7f356d72f000 rw-p 00000000 00:00 0                          [stack:7703]
7f356d72f000-7f356d732000 ---p 00000000 00:00 0 
7f356d732000-7f356d830000 rw-p 00000000 00:00 0                          [stack:7701]
7f356d830000-7f356e000000 r--p 00000000 08:01 4201913                    /usr/lib/locale/locale-archive
7f356e000000-7f3570000000 rw-p 00000000 00:00 0 
7f3570000000-7f3570021000 rw-p 00000000 00:00 0 
7f3570021000-7f3574000000 ---p 00000000 00:00 0 
7f3574000000-7f357428a000 rw-p 00000000 00:00 0 
7f357428a000-7f3578000000 ---p 00000000 00:00 0 
7f3578000000-7f3578021000 rw-p 00000000 00:00 0 
7f3578021000-7f357c000000 ---p 00000000 00:00 0 
7f357c019000-7f357c01c000 ---p 00000000 00:00 0 
7f357c01c000-7f357c11a000 rw-p 00000000 00:00 0                          [stack:7700]
7f357c11a000-7f357c11d000 ---p 00000000 00:00 0 
7f357c11d000-7f357c21b000 rw-p 00000000 00:00 0                          [stack:7699]
7f357c21b000-7f357c21e000 ---p 00000000 00:00 0 
7f357c21e000-7f357c31c000 rw-p 00000000 00:00 0                          [stack:7693]
7f357c31c000-7f357c31f000 ---p 00000000 00:00 0 
7f357c31f000-7f357c41d000 rw-p 00000000 00:00 0                          [stack:7691]
7f357c41d000-7f357c41e000 ---p 00000000 00:00 0 
7f357c41e000-7f357ce27000 rw-p 00000000 00:00 0                          [stack:7689]
7f357ce27000-7f357d000000 r--s 03d09000 08:01 1060961                    /usr/lib/jvm/java-8-oracle/jre/lib/rt.jar
7f357d000000-7f357d630000 rwxp 00000000 00:00 0 
7f357d630000-7f358c000000 ---p 00000000 00:00 0 
7f358c000000-7f358c38b000 rw-p 00000000 00:00 0 
7f358c38b000-7f3590000000 ---p 00000000 00:00 0 
7f3590020000-7f359002a000 r--s 00085000 00:1a 6558039                    /home/mike/AndroidStudioProjects/WaterApp/app/build/intermediates/exploded-aar/com.android.support/appcompat-v7/22.2.0/jars/classes.jar
7f359002a000-7f3590039000 r--s 000dd000 00:1a 5770487                    /home/mike/Android/Sdk/build-tools/21.1.2/lib/dx.jar
7f3590039000-7f3590792000 rw-p 00000000 00:00 0 
7f3590792000-7f3590912000 ---p 00000000 00:00 0 
7f3590912000-7f3590b12000 rw-p 00000000 00:00 0 
7f3590b12000-7f3590b13000 ---p 00000000 00:00 0 
7f3590b13000-7f3590c13000 rw-p 00000000 00:00 0                          [stack:7687]
7f3590c13000-7f3590c14000 ---p 00000000 00:00 0 
7f3590c14000-7f3590d29000 rw-p 00000000 00:00 0                          [stack:7685]
7f3590d29000-7f3590e6a000 ---p 00000000 00:00 0 
7f3590e6a000-7f3590e7f000 rw-p 00000000 00:00 0 
7f3590e7f000-7f3590fbf000 ---p 00000000 00:00 0 
7f3590fbf000-7f3590fe1000 rw-p 00000000 00:00 0 
7f3590fe1000-7f359106a000 ---p 00000000 00:00 0 
7f359106a000-7f3591084000 rw-p 00000000 00:00 0 
7f3591084000-7f359142b000 ---p 00000000 00:00 0 
7f359142b000-7f3591445000 r-xp 00000000 08:01 1060912                    /usr/lib/jvm/java-8-oracle/jre/lib/amd64/libzip.so
7f3591445000-7f3591645000 ---p 0001a000 08:01 1060912                    /usr/lib/jvm/java-8-oracle/jre/lib/amd64/libzip.so
7f3591645000-7f3591646000 rw-p 0001a000 08:01 1060912                    /usr/lib/jvm/java-8-oracle/jre/lib/amd64/libzip.so
7f3591646000-7f3591651000 r-xp 00000000 08:01 131270                     /lib/x86_64-linux-gnu/libnss_files-2.19.so
7f3591651000-7f3591850000 ---p 0000b000 08:01 131270                     /lib/x86_64-linux-gnu/libnss_files-2.19.so
7f3591850000-7f3591851000 r--p 0000a000 08:01 131270                     /lib/x86_64-linux-gnu/libnss_files-2.19.so
7f3591851000-7f3591852000 rw-p 0000b000 08:01 131270                     /lib/x86_64-linux-gnu/libnss_files-2.19.so
7f3591852000-7f359185d000 r-xp 00000000 08:01 131717                     /lib/x86_64-linux-gnu/libnss_nis-2.19.so
7f359185d000-7f3591a5c000 ---p 0000b000 08:01 131717                     /lib/x86_64-linux-gnu/libnss_nis-2.19.so
7f3591a5c000-7f3591a5d000 r--p 0000a000 08:01 131717                     /lib/x86_64-linux-gnu/libnss_nis-2.19.so
7f3591a5d000-7f3591a5e000 rw-p 0000b000 08:01 131717                     /lib/x86_64-linux-gnu/libnss_nis-2.19.so
7f3591a5e000-7f3591a75000 r-xp 00000000 08:01 131705                     /lib/x86_64-linux-gnu/libnsl-2.19.so
7f3591a75000-7f3591c74000 ---p 00017000 08:01 131705                     /lib/x86_64-linux-gnu/libnsl-2.19.so
7f3591c74000-7f3591c75000 r--p 00016000 08:01 131705                     /lib/x86_64-linux-gnu/libnsl-2.19.so
7f3591c75000-7f3591c76000 rw-p 00017000 08:01 131705                     /lib/x86_64-linux-gnu/libnsl-2.19.so
7f3591c76000-7f3591c78000 rw-p 00000000 00:00 0 
7f3591c78000-7f3591c81000 r-xp 00000000 08:01 131704                     /lib/x86_64-linux-gnu/libnss_compat-2.19.so
7f3591c81000-7f3591e80000 ---p 00009000 08:01 131704                     /lib/x86_64-linux-gnu/libnss_compat-2.19.so
7f3591e80000-7f3591e81000 r--p 00008000 08:01 131704                     /lib/x86_64-linux-gnu/libnss_compat-2.19.so
7f3591e81000-7f3591e82000 rw-p 00009000 08:01 131704                     /lib/x86_64-linux-gnu/libnss_compat-2.19.so
7f3591e82000-7f3591eac000 r-xp 00000000 08:01 1060954                    /usr/lib/jvm/java-8-oracle/jre/lib/amd64/libjava.so
7f3591eac000-7f35920ac000 ---p 0002a000 08:01 1060954                    /usr/lib/jvm/java-8-oracle/jre/lib/amd64/libjava.so
7f35920ac000-7f35920ae000 rw-p 0002a000 08:01 1060954                    /usr/lib/jvm/java-8-oracle/jre/lib/amd64/libjava.so
7f35920ae000-7f35920bb000 r-xp 00000000 08:01 1060930                    /usr/lib/jvm/java-8-oracle/jre/lib/amd64/libverify.so
7f35920bb000-7f35922bb000 ---p 0000d000 08:01 1060930                    /usr/lib/jvm/java-8-oracle/jre/lib/amd64/libverify.so
7f35922bb000-7f35922bd000 rw-p 0000d000 08:01 1060930                    /usr/lib/jvm/java-8-oracle/jre/lib/amd64/libverify.so
7f35922bd000-7f35922c4000 r-xp 00000000 08:01 131713                     /lib/x86_64-linux-gnu/librt-2.19.so
7f35922c4000-7f35924c3000 ---p 00007000 08:01 131713                     /lib/x86_64-linux-gnu/librt-2.19.so
7f35924c3000-7f35924c4000 r--p 00006000 08:01 131713                     /lib/x86_64-linux-gnu/librt-2.19.so
7f35924c4000-7f35924c5000 rw-p 00007000 08:01 131713                     /lib/x86_64-linux-gnu/librt-2.19.so
7f35924c5000-7f35925ca000 r-xp 00000000 08:01 131269                     /lib/x86_64-linux-gnu/libm-2.19.so
7f35925ca000-7f35927c9000 ---p 00105000 08:01 131269                     /lib/x86_64-linux-gnu/libm-2.19.so
7f35927c9000-7f35927ca000 r--p 00104000 08:01 131269                     /lib/x86_64-linux-gnu/libm-2.19.so
7f35927ca000-7f35927cb000 rw-p 00105000 08:01 131269                     /lib/x86_64-linux-gnu/libm-2.19.so
7f35927cb000-7f3593479000 r-xp 00000000 08:01 1060915                    /usr/lib/jvm/java-8-oracle/jre/lib/amd64/server/libjvm.so
7f3593479000-7f3593678000 ---p 00cae000 08:01 1060915                    /usr/lib/jvm/java-8-oracle/jre/lib/amd64/server/libjvm.so
7f3593678000-7f359374f000 rw-p 00cad000 08:01 1060915                    /usr/lib/jvm/java-8-oracle/jre/lib/amd64/server/libjvm.so
7f359374f000-7f3593793000 rw-p 00000000 00:00 0 
7f3593793000-7f359394e000 r-xp 00000000 08:01 131710                     /lib/x86_64-linux-gnu/libc-2.19.so
7f359394e000-7f3593b4d000 ---p 001bb000 08:01 131710                     /lib/x86_64-linux-gnu/libc-2.19.so
7f3593b4d000-7f3593b51000 r--p 001ba000 08:01 131710                     /lib/x86_64-linux-gnu/libc-2.19.so
7f3593b51000-7f3593b53000 rw-p 001be000 08:01 131710                     /lib/x86_64-linux-gnu/libc-2.19.so
7f3593b53000-7f3593b58000 rw-p 00000000 00:00 0 
7f3593b58000-7f3593b5b000 r-xp 00000000 08:01 131698                     /lib/x86_64-linux-gnu/libdl-2.19.so
7f3593b5b000-7f3593d5a000 ---p 00003000 08:01 131698                     /lib/x86_64-linux-gnu/libdl-2.19.so
7f3593d5a000-7f3593d5b000 r--p 00002000 08:01 131698                     /lib/x86_64-linux-gnu/libdl-2.19.so
7f3593d5b000-7f3593d5c000 rw-p 00003000 08:01 131698                     /lib/x86_64-linux-gnu/libdl-2.19.so
7f3593d5c000-7f3593d71000 r-xp 00000000 08:01 265478                     /usr/lib/jvm/java-8-oracle/lib/amd64/jli/libjli.so
7f3593d71000-7f3593f71000 ---p 00015000 08:01 265478                     /usr/lib/jvm/java-8-oracle/lib/amd64/jli/libjli.so
7f3593f71000-7f3593f72000 rw-p 00015000 08:01 265478                     /usr/lib/jvm/java-8-oracle/lib/amd64/jli/libjli.so
7f3593f72000-7f3593f8b000 r-xp 00000000 08:01 131711                     /lib/x86_64-linux-gnu/libpthread-2.19.so
7f3593f8b000-7f359418a000 ---p 00019000 08:01 131711                     /lib/x86_64-linux-gnu/libpthread-2.19.so
7f359418a000-7f359418b000 r--p 00018000 08:01 131711                     /lib/x86_64-linux-gnu/libpthread-2.19.so
7f359418b000-7f359418c000 rw-p 00019000 08:01 131711                     /lib/x86_64-linux-gnu/libpthread-2.19.so
7f359418c000-7f3594190000 rw-p 00000000 00:00 0 
7f3594190000-7f35941b3000 r-xp 00000000 08:01 131707                     /lib/x86_64-linux-gnu/ld-2.19.so
7f35941b6000-7f3594288000 rw-p 00000000 00:00 0 
7f3594288000-7f359428b000 ---p 00000000 00:00 0 
7f359428b000-7f359438d000 rw-p 00000000 00:00 0                          [stack:7683]
7f3594391000-7f35943a6000 rw-p 00000000 00:00 0 
7f35943a6000-7f35943ae000 rw-s 00000000 08:01 1180213                    /tmp/hsperfdata_mike/7675
7f35943ae000-7f35943af000 rw-p 00000000 00:00 0 
7f35943af000-7f35943b0000 ---p 00000000 00:00 0 
7f35943b0000-7f35943b2000 rw-p 00000000 00:00 0 
7f35943b2000-7f35943b3000 r--p 00022000 08:01 131707                     /lib/x86_64-linux-gnu/ld-2.19.so
7f35943b3000-7f35943b4000 rw-p 00023000 08:01 131707                     /lib/x86_64-linux-gnu/ld-2.19.so
7f35943b4000-7f35943b5000 rw-p 00000000 00:00 0 
7fff8b55b000-7fff8b57c000 rw-p 00000000 00:00 0                          [stack]
7fff8b5b9000-7fff8b5bb000 r-xp 00000000 00:00 0                          [vdso]
ffffffffff600000-ffffffffff601000 r-xp 00000000 00:00 0                  [vsyscall]

VM Arguments:
jvm_args: -Xmx1024M -Dfile.encoding=UTF-8 -Duser.country=US -Duser.language=en -Duser.variant 
java_command: com.android.dx.command.Main --dex --output /home/mike/AndroidStudioProjects/WaterApp/app/build/intermediates/pre-dexed/debug/classes-b5cca5a9d4d7ed699a803aa0cbe0ffaee990c4b2.jar /home/mike/AndroidStudioProjects/WaterApp/app/build/intermediates/exploded-aar/com.android.support/appcompat-v7/22.2.0/jars/classes.jar
java_class_path (initial): /home/mike/Android/Sdk/build-tools/21.1.2/lib/dx.jar
Launcher Type: SUN_STANDARD

Environment Variables:
PATH=/home/mike/bin:/usr/local/sbin:/usr/local/bin:/usr/sbin:/usr/bin:/sbin:/bin:/usr/games:/usr/local/games
LD_LIBRARY_PATH=/opt/android-studio/bin:
SHELL=/bin/bash
DISPLAY=:0

Signal Handlers:
SIGSEGV: [libjvm.so+0xaad1e0], sa_mask[0]=11111111011111111101111111111110, sa_flags=SA_RESTART|SA_SIGINFO
SIGBUS: [libjvm.so+0xaad1e0], sa_mask[0]=11111111011111111101111111111110, sa_flags=SA_RESTART|SA_SIGINFO
SIGFPE: [libjvm.so+0x90b450], sa_mask[0]=11111111011111111101111111111110, sa_flags=SA_RESTART|SA_SIGINFO
SIGPIPE: [libjvm.so+0x90b450], sa_mask[0]=11111111011111111101111111111110, sa_flags=SA_RESTART|SA_SIGINFO
SIGXFSZ: [libjvm.so+0x90b450], sa_mask[0]=11111111011111111101111111111110, sa_flags=SA_RESTART|SA_SIGINFO
SIGILL: [libjvm.so+0x90b450], sa_mask[0]=11111111011111111101111111111110, sa_flags=SA_RESTART|SA_SIGINFO
SIGUSR1: SIG_DFL, sa_mask[0]=00000000000000000000000000000000, sa_flags=none
SIGUSR2: [libjvm.so+0x90ca90], sa_mask[0]=00100000000000000000000000000000, sa_flags=SA_RESTART|SA_SIGINFO
SIGHUP: [libjvm.so+0x90dde0], sa_mask[0]=11111111011111111101111111111110, sa_flags=SA_RESTART|SA_SIGINFO
SIGINT: [libjvm.so+0x90dde0], sa_mask[0]=11111111011111111101111111111110, sa_flags=SA_RESTART|SA_SIGINFO
SIGTERM: [libjvm.so+0x90dde0], sa_mask[0]=11111111011111111101111111111110, sa_flags=SA_RESTART|SA_SIGINFO
SIGQUIT: [libjvm.so+0x90dde0], sa_mask[0]=11111111011111111101111111111110, sa_flags=SA_RESTART|SA_SIGINFO


---------------  S Y S T E M  ---------------

OS:DISTRIB_ID=Ubuntu
DISTRIB_RELEASE=14.04
DISTRIB_CODENAME=trusty
DISTRIB_DESCRIPTION="Ubuntu 14.04.2 LTS"

uname:Linux 3.13.0-53-generic #89-Ubuntu SMP Wed May 20 10:34:39 UTC 2015 x86_64
libc:glibc 2.19 NPTL 2.19 
rlimit: STACK 8192k, CORE 0k, NPROC 28701, NOFILE 4096, AS infinity
load average:1.68 1.72 1.53

/proc/meminfo:
MemTotal:        3932636 kB
MemFree:          107436 kB
Buffers:             312 kB
Cached:           323204 kB
SwapCached:            0 kB
Active:          3325708 kB
Inactive:         319820 kB
Active(anon):    3323464 kB
Inactive(anon):   303728 kB
Active(file):       2244 kB
Inactive(file):    16092 kB
Unevictable:          48 kB
Mlocked:              48 kB
SwapTotal:             0 kB
SwapFree:              0 kB
Dirty:                24 kB
Writeback:             0 kB
AnonPages:       3322284 kB
Mapped:            92168 kB
Shmem:            304912 kB
Slab:              70392 kB
SReclaimable:      27936 kB
SUnreclaim:        42456 kB
KernelStack:        5424 kB
PageTables:        52136 kB
NFS_Unstable:          0 kB
Bounce:                0 kB
WritebackTmp:          0 kB
CommitLimit:     1966316 kB
Committed_AS:    9407800 kB
VmallocTotal:   34359738367 kB
VmallocUsed:      544568 kB
VmallocChunk:   34359170940 kB
HardwareCorrupted:     0 kB
AnonHugePages:   1044480 kB
HugePages_Total:       0
HugePages_Free:        0
HugePages_Rsvd:        0
HugePages_Surp:        0
Hugepagesize:       2048 kB
DirectMap4k:       83020 kB
DirectMap2M:     3995648 kB


CPU:total 2 (2 cores per cpu, 1 threads per core) family 6 model 55 stepping 8, cmov, cx8, fxsr, mmx, sse, sse2, sse3, ssse3, sse4.1, sse4.2, popcnt, clmul, erms, 3dnowpref, tsc, tscinvbit

/proc/cpuinfo:
processor	: 0
vendor_id	: GenuineIntel
cpu family	: 6
model		: 55
model name	: Intel(R) Celeron(R) CPU  N2830  @ 2.16GHz
stepping	: 8
microcode	: 0x809
cpu MHz		: 2159.000
cache size	: 1024 KB
physical id	: 0
siblings	: 2
core id		: 0
cpu cores	: 2
apicid		: 0
initial apicid	: 0
fpu		: yes
fpu_exception	: yes
cpuid level	: 11
wp		: yes
flags		: fpu vme de pse tsc msr pae mce cx8 apic sep mtrr pge mca cmov pat pse36 clflush dts acpi mmx fxsr sse sse2 ss ht tm pbe syscall nx rdtscp lm constant_tsc arch_perfmon pebs bts rep_good nopl xtopology nonstop_tsc aperfmperf pni pclmulqdq dtes64 monitor ds_cpl vmx est tm2 ssse3 cx16 xtpr pdcm sse4_1 sse4_2 movbe popcnt tsc_deadline_timer rdrand lahf_lm 3dnowprefetch ida arat epb dtherm tpr_shadow vnmi flexpriority ept vpid tsc_adjust smep erms
bogomips	: 4333.50
clflush size	: 64
cache_alignment	: 64
address sizes	: 36 bits physical, 48 bits virtual
power management:

processor	: 1
vendor_id	: GenuineIntel
cpu family	: 6
model		: 55
model name	: Intel(R) Celeron(R) CPU  N2830  @ 2.16GHz
stepping	: 8
microcode	: 0x809
cpu MHz		: 2159.000
cache size	: 1024 KB
physical id	: 0
siblings	: 2
core id		: 1
cpu cores	: 2
apicid		: 2
initial apicid	: 2
fpu		: yes
fpu_exception	: yes
cpuid level	: 11
wp		: yes
flags		: fpu vme de pse tsc msr pae mce cx8 apic sep mtrr pge mca cmov pat pse36 clflush dts acpi mmx fxsr sse sse2 ss ht tm pbe syscall nx rdtscp lm constant_tsc arch_perfmon pebs bts rep_good nopl xtopology nonstop_tsc aperfmperf pni pclmulqdq dtes64 monitor ds_cpl vmx est tm2 ssse3 cx16 xtpr pdcm sse4_1 sse4_2 movbe popcnt tsc_deadline_timer rdrand lahf_lm 3dnowprefetch ida arat epb dtherm tpr_shadow vnmi flexpriority ept vpid tsc_adjust smep erms
bogomips	: 4333.50
clflush size	: 64
cache_alignment	: 64
address sizes	: 36 bits physical, 48 bits virtual
power management:



Memory: 4k page, physical 3932636k(104708k free), swap 0k(0k free)

vm_info: Java HotSpot(TM) 64-Bit Server VM (25.45-b02) for linux-amd64 JRE (1.8.0_45-b14), built on Apr 10 2015 10:07:45 by "java_re" with gcc 4.3.0 20080428 (Red Hat 4.3.0-8)

time: Sun May 31 15:00:54 2015
elapsed time: 11 seconds (0d 0h 0m 11s)

